<?xml version="1.0" encoding="UTF-8"?>
<coverage generated="1733430959290" clover="3.2.0">
  <project timestamp="1733430959290" name="All files">
    <metrics statements="121" coveredstatements="109" conditionals="52" coveredconditionals="40" methods="44" coveredmethods="39" elements="217" coveredelements="188" complexity="0" loc="121" ncloc="121" packages="10" files="13" classes="13"/>
    <package name="components.BulletFilters">
      <metrics statements="9" coveredstatements="9" conditionals="2" coveredconditionals="2" methods="5" coveredmethods="5"/>
      <file name="Bullets.tsx" path="C:\Users\f.aquistapac\Desktop\ilegra-to-do\src\components\BulletFilters\Bullets.tsx">
        <metrics statements="4" coveredstatements="4" conditionals="2" coveredconditionals="2" methods="3" coveredmethods="3"/>
        <line num="12" count="1" type="stmt"/>
        <line num="13" count="26" type="stmt"/>
        <line num="16" count="104" type="stmt"/>
        <line num="19" count="2" type="stmt"/>
      </file>
      <file name="Root.tsx" path="C:\Users\f.aquistapac\Desktop\ilegra-to-do\src\components\BulletFilters\Root.tsx">
        <metrics statements="2" coveredstatements="2" conditionals="0" coveredconditionals="0" methods="1" coveredmethods="1"/>
        <line num="6" count="1" type="stmt"/>
        <line num="7" count="13" type="stmt"/>
      </file>
      <file name="Title.tsx" path="C:\Users\f.aquistapac\Desktop\ilegra-to-do\src\components\BulletFilters\Title.tsx">
        <metrics statements="2" coveredstatements="2" conditionals="0" coveredconditionals="0" methods="1" coveredmethods="1"/>
        <line num="5" count="1" type="stmt"/>
        <line num="6" count="26" type="stmt"/>
      </file>
      <file name="index.tsx" path="C:\Users\f.aquistapac\Desktop\ilegra-to-do\src\components\BulletFilters\index.tsx">
        <metrics statements="1" coveredstatements="1" conditionals="0" coveredconditionals="0" methods="0" coveredmethods="0"/>
        <line num="5" count="1" type="stmt"/>
      </file>
    </package>
    <package name="components.FormLogin">
      <metrics statements="12" coveredstatements="11" conditionals="8" coveredconditionals="4" methods="2" coveredmethods="2"/>
      <file name="index.tsx" path="C:\Users\f.aquistapac\Desktop\ilegra-to-do\src\components\FormLogin\index.tsx">
        <metrics statements="12" coveredstatements="11" conditionals="8" coveredconditionals="4" methods="2" coveredmethods="2"/>
        <line num="11" count="1" type="stmt"/>
        <line num="18" count="1" type="stmt"/>
        <line num="19" count="5" type="stmt"/>
        <line num="24" count="5" type="stmt"/>
        <line num="28" count="5" type="stmt"/>
        <line num="29" count="5" type="stmt"/>
        <line num="31" count="5" type="stmt"/>
        <line num="32" count="1" type="stmt"/>
        <line num="33" count="1" type="cond" truecount="1" falsecount="1"/>
        <line num="34" count="0" type="stmt"/>
        <line num="36" count="1" type="stmt"/>
        <line num="40" count="5" type="stmt"/>
      </file>
    </package>
    <package name="components.FormRegister">
      <metrics statements="10" coveredstatements="10" conditionals="6" coveredconditionals="6" methods="4" coveredmethods="4"/>
      <file name="index.tsx" path="C:\Users\f.aquistapac\Desktop\ilegra-to-do\src\components\FormRegister\index.tsx">
        <metrics statements="10" coveredstatements="10" conditionals="6" coveredconditionals="6" methods="4" coveredmethods="4"/>
        <line num="10" count="1" type="stmt"/>
        <line num="16" count="1" type="stmt"/>
        <line num="20" count="2" type="stmt"/>
        <line num="30" count="1" type="stmt"/>
        <line num="35" count="5" type="stmt"/>
        <line num="38" count="5" type="stmt"/>
        <line num="39" count="5" type="stmt"/>
        <line num="41" count="5" type="stmt"/>
        <line num="44" count="1" type="stmt"/>
        <line num="47" count="5" type="stmt"/>
      </file>
    </package>
    <package name="components.TableTasks">
      <metrics statements="5" coveredstatements="4" conditionals="2" coveredconditionals="2" methods="4" coveredmethods="3"/>
      <file name="index.tsx" path="C:\Users\f.aquistapac\Desktop\ilegra-to-do\src\components\TableTasks\index.tsx">
        <metrics statements="5" coveredstatements="4" conditionals="2" coveredconditionals="2" methods="4" coveredmethods="3"/>
        <line num="23" count="1" type="stmt"/>
        <line num="24" count="13" type="stmt"/>
        <line num="39" count="15" type="stmt"/>
        <line num="48" count="0" type="stmt"/>
        <line num="54" count="1" type="stmt"/>
      </file>
    </package>
    <package name="pages.Home">
      <metrics statements="6" coveredstatements="6" conditionals="0" coveredconditionals="0" methods="4" coveredmethods="4"/>
      <file name="index.tsx" path="C:\Users\f.aquistapac\Desktop\ilegra-to-do\src\pages\Home\index.tsx">
        <metrics statements="6" coveredstatements="6" conditionals="0" coveredconditionals="0" methods="4" coveredmethods="4"/>
        <line num="4" count="1" type="stmt"/>
        <line num="5" count="3" type="stmt"/>
        <line num="7" count="3" type="stmt"/>
        <line num="9" count="3" type="stmt"/>
        <line num="14" count="1" type="stmt"/>
        <line num="21" count="1" type="stmt"/>
      </file>
    </package>
    <package name="pages.Login">
      <metrics statements="6" coveredstatements="6" conditionals="2" coveredconditionals="2" methods="2" coveredmethods="2"/>
      <file name="index.tsx" path="C:\Users\f.aquistapac\Desktop\ilegra-to-do\src\pages\Login\index.tsx">
        <metrics statements="6" coveredstatements="6" conditionals="2" coveredconditionals="2" methods="2" coveredmethods="2"/>
        <line num="6" count="1" type="stmt"/>
        <line num="7" count="4" type="stmt"/>
        <line num="8" count="4" type="stmt"/>
        <line num="10" count="4" type="stmt"/>
        <line num="11" count="4" type="cond" truecount="2" falsecount="0"/>
        <line num="14" count="4" type="stmt"/>
      </file>
    </package>
    <package name="pages.NotFound">
      <metrics statements="2" coveredstatements="2" conditionals="0" coveredconditionals="0" methods="1" coveredmethods="1"/>
      <file name="index.tsx" path="C:\Users\f.aquistapac\Desktop\ilegra-to-do\src\pages\NotFound\index.tsx">
        <metrics statements="2" coveredstatements="2" conditionals="0" coveredconditionals="0" methods="1" coveredmethods="1"/>
        <line num="2" count="1" type="stmt"/>
        <line num="3" count="1" type="stmt"/>
      </file>
    </package>
    <package name="pages.Register">
      <metrics statements="6" coveredstatements="6" conditionals="2" coveredconditionals="2" methods="2" coveredmethods="2"/>
      <file name="index.tsx" path="C:\Users\f.aquistapac\Desktop\ilegra-to-do\src\pages\Register\index.tsx">
        <metrics statements="6" coveredstatements="6" conditionals="2" coveredconditionals="2" methods="2" coveredmethods="2"/>
        <line num="6" count="1" type="stmt"/>
        <line num="7" count="3" type="stmt"/>
        <line num="8" count="3" type="stmt"/>
        <line num="10" count="3" type="stmt"/>
        <line num="11" count="3" type="cond" truecount="2" falsecount="0"/>
        <line num="14" count="3" type="stmt"/>
      </file>
    </package>
    <package name="pages.Task">
      <metrics statements="9" coveredstatements="9" conditionals="4" coveredconditionals="4" methods="3" coveredmethods="3"/>
      <file name="index.tsx" path="C:\Users\f.aquistapac\Desktop\ilegra-to-do\src\pages\Task\index.tsx">
        <metrics statements="9" coveredstatements="9" conditionals="4" coveredconditionals="4" methods="3" coveredmethods="3"/>
        <line num="14" count="2" type="stmt"/>
        <line num="15" count="5" type="stmt"/>
        <line num="16" count="5" type="stmt"/>
        <line num="17" count="5" type="stmt"/>
        <line num="19" count="5" type="stmt"/>
        <line num="20" count="3" type="stmt"/>
        <line num="21" count="3" type="cond" truecount="2" falsecount="0"/>
        <line num="24" count="5" type="cond" truecount="2" falsecount="0"/>
        <line num="26" count="2" type="stmt"/>
      </file>
    </package>
    <package name="pages.TodoList">
      <metrics statements="56" coveredstatements="46" conditionals="26" coveredconditionals="18" methods="17" coveredmethods="13"/>
      <file name="index.tsx" path="C:\Users\f.aquistapac\Desktop\ilegra-to-do\src\pages\TodoList\index.tsx">
        <metrics statements="56" coveredstatements="46" conditionals="26" coveredconditionals="18" methods="17" coveredmethods="13"/>
        <line num="13" count="1" type="stmt"/>
        <line num="17" count="1" type="stmt"/>
        <line num="32" count="1" type="stmt"/>
        <line num="39" count="1" type="stmt"/>
        <line num="46" count="1" type="stmt"/>
        <line num="47" count="13" type="stmt"/>
        <line num="48" count="13" type="stmt"/>
        <line num="49" count="13" type="stmt"/>
        <line num="52" count="13" type="stmt"/>
        <line num="55" count="13" type="stmt"/>
        <line num="56" count="13" type="stmt"/>
        <line num="57" count="13" type="stmt"/>
        <line num="63" count="13" type="stmt"/>
        <line num="67" count="13" type="stmt"/>
        <line num="68" count="1" type="stmt"/>
        <line num="70" count="1" type="stmt"/>
        <line num="72" count="1" type="stmt"/>
        <line num="74" count="1" type="stmt"/>
        <line num="75" count="1" type="stmt"/>
        <line num="82" count="1" type="stmt"/>
        <line num="86" count="0" type="stmt"/>
        <line num="87" count="0" type="stmt"/>
        <line num="89" count="0" type="stmt"/>
        <line num="93" count="13" type="stmt"/>
        <line num="94" count="0" type="stmt"/>
        <line num="95" count="0" type="stmt"/>
        <line num="96" count="0" type="stmt"/>
        <line num="103" count="0" type="stmt"/>
        <line num="104" count="0" type="stmt"/>
        <line num="108" count="13" type="stmt"/>
        <line num="109" count="1" type="cond" truecount="1" falsecount="1"/>
        <line num="110" count="0" type="stmt"/>
        <line num="112" count="1" type="stmt"/>
        <line num="116" count="13" type="stmt"/>
        <line num="117" count="2" type="stmt"/>
        <line num="118" count="2" type="stmt"/>
        <line num="119" count="2" type="stmt"/>
        <line num="128" count="13" type="stmt"/>
        <line num="129" count="1" type="stmt"/>
        <line num="130" count="1" type="stmt"/>
        <line num="139" count="13" type="stmt"/>
        <line num="140" count="13" type="stmt"/>
        <line num="142" count="18" type="cond" truecount="2" falsecount="0"/>
        <line num="145" count="18" type="cond" truecount="2" falsecount="0"/>
        <line num="146" count="18" type="cond" truecount="2" falsecount="0"/>
        <line num="150" count="18" type="cond" truecount="1" falsecount="1"/>
        <line num="152" count="18" type="cond" truecount="4" falsecount="0"/>
        <line num="156" count="13" type="stmt"/>
        <line num="158" count="1" type="stmt"/>
        <line num="159" count="1" type="stmt"/>
        <line num="165" count="13" type="stmt"/>
        <line num="166" count="1" type="stmt"/>
        <line num="169" count="13" type="stmt"/>
        <line num="170" count="1" type="stmt"/>
        <line num="173" count="13" type="stmt"/>
        <line num="269" count="0" type="stmt"/>
      </file>
    </package>
  </project>
</coverage>
