{"C:\\Users\\f.aquistapac\\Desktop\\ilegra-to-do\\src\\components\\BulletFilters\\Bullets.tsx": {"path":"C:\\Users\\f.aquistapac\\Desktop\\ilegra-to-do\\src\\components\\BulletFilters\\Bullets.tsx","statementMap":{"0":{"start":{"line":12,"column":23},"end":{"line":27,"column":1}},"1":{"start":{"line":13,"column":1},"end":{"line":26,"column":3}},"2":{"start":{"line":16,"column":4},"end":{"line":23,"column":11}},"3":{"start":{"line":19,"column":20},"end":{"line":19,"column":41}}},"fnMap":{"0":{"name":"(anonymous_0)","decl":{"start":{"line":12,"column":23},"end":{"line":12,"column":24}},"loc":{"start":{"line":12,"column":68},"end":{"line":27,"column":1}},"line":12},"1":{"name":"(anonymous_1)","decl":{"start":{"line":15,"column":17},"end":{"line":15,"column":18}},"loc":{"start":{"line":16,"column":4},"end":{"line":23,"column":11}},"line":16},"2":{"name":"(anonymous_2)","decl":{"start":{"line":19,"column":14},"end":{"line":19,"column":15}},"loc":{"start":{"line":19,"column":20},"end":{"line":19,"column":41}},"line":19}},"branchMap":{"0":{"loc":{"start":{"line":18,"column":35},"end":{"line":18,"column":84}},"type":"binary-expr","locations":[{"start":{"line":18,"column":35},"end":{"line":18,"column":62}},{"start":{"line":18,"column":66},"end":{"line":18,"column":84}}],"line":18}},"s":{"0":1,"1":26,"2":104,"3":2},"f":{"0":26,"1":104,"2":2},"b":{"0":[104,26]},"_coverageSchema":"1a1c01bbd47fc00a2c39e90264f33305004495a9","hash":"c85d5383cc3ff553d1eaab0074ae78a1fabb06e6"}
,"C:\\Users\\f.aquistapac\\Desktop\\ilegra-to-do\\src\\components\\BulletFilters\\Root.tsx": {"path":"C:\\Users\\f.aquistapac\\Desktop\\ilegra-to-do\\src\\components\\BulletFilters\\Root.tsx","statementMap":{"0":{"start":{"line":6,"column":20},"end":{"line":8,"column":1}},"1":{"start":{"line":7,"column":1},"end":{"line":7,"column":63}}},"fnMap":{"0":{"name":"(anonymous_0)","decl":{"start":{"line":6,"column":20},"end":{"line":6,"column":21}},"loc":{"start":{"line":6,"column":45},"end":{"line":8,"column":1}},"line":6}},"branchMap":{},"s":{"0":1,"1":13},"f":{"0":13},"b":{},"_coverageSchema":"1a1c01bbd47fc00a2c39e90264f33305004495a9","hash":"b8a61b3ef298854830ca2462dcfca68d397f0b97"}
,"C:\\Users\\f.aquistapac\\Desktop\\ilegra-to-do\\src\\components\\BulletFilters\\Title.tsx": {"path":"C:\\Users\\f.aquistapac\\Desktop\\ilegra-to-do\\src\\components\\BulletFilters\\Title.tsx","statementMap":{"0":{"start":{"line":5,"column":21},"end":{"line":7,"column":1}},"1":{"start":{"line":6,"column":1},"end":{"line":6,"column":56}}},"fnMap":{"0":{"name":"(anonymous_0)","decl":{"start":{"line":5,"column":21},"end":{"line":5,"column":22}},"loc":{"start":{"line":5,"column":46},"end":{"line":7,"column":1}},"line":5}},"branchMap":{},"s":{"0":1,"1":26},"f":{"0":26},"b":{},"_coverageSchema":"1a1c01bbd47fc00a2c39e90264f33305004495a9","hash":"6a295ac5a96e8e0d160f00018ef5cd68b4ccff9e"}
,"C:\\Users\\f.aquistapac\\Desktop\\ilegra-to-do\\src\\components\\BulletFilters\\index.tsx": {"path":"C:\\Users\\f.aquistapac\\Desktop\\ilegra-to-do\\src\\components\\BulletFilters\\index.tsx","statementMap":{"0":{"start":{"line":5,"column":28},"end":{"line":9,"column":1}}},"fnMap":{},"branchMap":{},"s":{"0":1},"f":{},"b":{},"_coverageSchema":"1a1c01bbd47fc00a2c39e90264f33305004495a9","hash":"cf535f8c15536d89c147b6ea9a9de0fea0bd8b7b"}
,"C:\\Users\\f.aquistapac\\Desktop\\ilegra-to-do\\src\\components\\FormLogin\\index.tsx": {"path":"C:\\Users\\f.aquistapac\\Desktop\\ilegra-to-do\\src\\components\\FormLogin\\index.tsx","statementMap":{"0":{"start":{"line":11,"column":19},"end":{"line":14,"column":2}},"1":{"start":{"line":18,"column":25},"end":{"line":75,"column":1}},"2":{"start":{"line":19,"column":41},"end":{"line":19,"column":53}},"3":{"start":{"line":24,"column":5},"end":{"line":26,"column":3}},"4":{"start":{"line":28,"column":18},"end":{"line":28,"column":31}},"5":{"start":{"line":29,"column":15},"end":{"line":29,"column":31}},"6":{"start":{"line":31,"column":18},"end":{"line":38,"column":2}},"7":{"start":{"line":32,"column":16},"end":{"line":32,"column":54}},"8":{"start":{"line":33,"column":2},"end":{"line":37,"column":3}},"9":{"start":{"line":34,"column":3},"end":{"line":34,"column":26}},"10":{"start":{"line":36,"column":3},"end":{"line":36,"column":27}},"11":{"start":{"line":40,"column":1},"end":{"line":74,"column":3}}},"fnMap":{"0":{"name":"(anonymous_0)","decl":{"start":{"line":18,"column":25},"end":{"line":18,"column":26}},"loc":{"start":{"line":18,"column":31},"end":{"line":75,"column":1}},"line":18},"1":{"name":"(anonymous_1)","decl":{"start":{"line":31,"column":18},"end":{"line":31,"column":19}},"loc":{"start":{"line":31,"column":38},"end":{"line":38,"column":2}},"line":31}},"branchMap":{"0":{"loc":{"start":{"line":33,"column":2},"end":{"line":37,"column":3}},"type":"if","locations":[{"start":{"line":33,"column":2},"end":{"line":37,"column":3}},{"start":{"line":35,"column":9},"end":{"line":37,"column":3}}],"line":33},"1":{"loc":{"start":{"line":53,"column":5},"end":{"line":53,"column":74}},"type":"binary-expr","locations":[{"start":{"line":53,"column":5},"end":{"line":53,"column":17}},{"start":{"line":53,"column":21},"end":{"line":53,"column":74}}],"line":53},"2":{"loc":{"start":{"line":63,"column":5},"end":{"line":65,"column":5}},"type":"binary-expr","locations":[{"start":{"line":63,"column":5},"end":{"line":63,"column":20}},{"start":{"line":64,"column":5},"end":{"line":64,"column":61}}],"line":63},"3":{"loc":{"start":{"line":68,"column":4},"end":{"line":68,"column":65}},"type":"binary-expr","locations":[{"start":{"line":68,"column":4},"end":{"line":68,"column":16}},{"start":{"line":68,"column":20},"end":{"line":68,"column":65}}],"line":68}},"s":{"0":1,"1":1,"2":5,"3":5,"4":5,"5":5,"6":5,"7":1,"8":1,"9":0,"10":1,"11":5},"f":{"0":5,"1":1},"b":{"0":[0,1],"1":[5,0],"2":[5,0],"3":[5,0]},"_coverageSchema":"1a1c01bbd47fc00a2c39e90264f33305004495a9","hash":"143f67dc40a41e6cabd89d54f27a19ab29facc09"}
,"C:\\Users\\f.aquistapac\\Desktop\\ilegra-to-do\\src\\components\\FormRegister\\index.tsx": {"path":"C:\\Users\\f.aquistapac\\Desktop\\ilegra-to-do\\src\\components\\FormRegister\\index.tsx","statementMap":{"0":{"start":{"line":10,"column":19},"end":{"line":26,"column":2}},"1":{"start":{"line":16,"column":4},"end":{"line":22,"column":15}},"2":{"start":{"line":20,"column":6},"end":{"line":20,"column":58}},"3":{"start":{"line":30,"column":28},"end":{"line":85,"column":1}},"4":{"start":{"line":35,"column":5},"end":{"line":37,"column":3}},"5":{"start":{"line":38,"column":18},"end":{"line":38,"column":31}},"6":{"start":{"line":39,"column":22},"end":{"line":39,"column":38}},"7":{"start":{"line":41,"column":18},"end":{"line":45,"column":2}},"8":{"start":{"line":44,"column":2},"end":{"line":44,"column":21}},"9":{"start":{"line":47,"column":1},"end":{"line":84,"column":3}}},"fnMap":{"0":{"name":"(anonymous_0)","decl":{"start":{"line":15,"column":3},"end":{"line":15,"column":4}},"loc":{"start":{"line":16,"column":4},"end":{"line":22,"column":15}},"line":16},"1":{"name":"(anonymous_1)","decl":{"start":{"line":19,"column":10},"end":{"line":19,"column":11}},"loc":{"start":{"line":19,"column":20},"end":{"line":21,"column":6}},"line":19},"2":{"name":"(anonymous_2)","decl":{"start":{"line":30,"column":28},"end":{"line":30,"column":29}},"loc":{"start":{"line":30,"column":34},"end":{"line":85,"column":1}},"line":30},"3":{"name":"(anonymous_3)","decl":{"start":{"line":41,"column":18},"end":{"line":41,"column":19}},"loc":{"start":{"line":41,"column":38},"end":{"line":45,"column":2}},"line":41}},"branchMap":{"0":{"loc":{"start":{"line":60,"column":5},"end":{"line":60,"column":54}},"type":"binary-expr","locations":[{"start":{"line":60,"column":5},"end":{"line":60,"column":16}},{"start":{"line":60,"column":20},"end":{"line":60,"column":54}}],"line":60},"1":{"loc":{"start":{"line":69,"column":5},"end":{"line":69,"column":56}},"type":"binary-expr","locations":[{"start":{"line":69,"column":5},"end":{"line":69,"column":17}},{"start":{"line":69,"column":21},"end":{"line":69,"column":56}}],"line":69},"2":{"loc":{"start":{"line":78,"column":5},"end":{"line":78,"column":62}},"type":"binary-expr","locations":[{"start":{"line":78,"column":5},"end":{"line":78,"column":20}},{"start":{"line":78,"column":24},"end":{"line":78,"column":62}}],"line":78}},"s":{"0":1,"1":1,"2":2,"3":1,"4":5,"5":5,"6":5,"7":5,"8":1,"9":5},"f":{"0":1,"1":2,"2":5,"3":1},"b":{"0":[5,1],"1":[5,1],"2":[5,1]},"_coverageSchema":"1a1c01bbd47fc00a2c39e90264f33305004495a9","hash":"4eeb9e94edd8d1fb1376ea2013aff95ac788daac"}
,"C:\\Users\\f.aquistapac\\Desktop\\ilegra-to-do\\src\\components\\TableTasks\\index.tsx": {"path":"C:\\Users\\f.aquistapac\\Desktop\\ilegra-to-do\\src\\components\\TableTasks\\index.tsx","statementMap":{"0":{"start":{"line":23,"column":25},"end":{"line":75,"column":1}},"1":{"start":{"line":24,"column":1},"end":{"line":74,"column":3}},"2":{"start":{"line":39,"column":6},"end":{"line":68,"column":18}},"3":{"start":{"line":48,"column":25},"end":{"line":48,"column":37}},"4":{"start":{"line":54,"column":25},"end":{"line":54,"column":42}}},"fnMap":{"0":{"name":"(anonymous_0)","decl":{"start":{"line":23,"column":25},"end":{"line":23,"column":26}},"loc":{"start":{"line":23,"column":70},"end":{"line":75,"column":1}},"line":23},"1":{"name":"(anonymous_1)","decl":{"start":{"line":38,"column":22},"end":{"line":38,"column":23}},"loc":{"start":{"line":39,"column":6},"end":{"line":68,"column":18}},"line":39},"2":{"name":"(anonymous_2)","decl":{"start":{"line":48,"column":19},"end":{"line":48,"column":20}},"loc":{"start":{"line":48,"column":25},"end":{"line":48,"column":37}},"line":48},"3":{"name":"(anonymous_3)","decl":{"start":{"line":54,"column":19},"end":{"line":54,"column":20}},"loc":{"start":{"line":54,"column":25},"end":{"line":54,"column":42}},"line":54}},"branchMap":{"0":{"loc":{"start":{"line":72,"column":4},"end":{"line":72,"column":73}},"type":"binary-expr","locations":[{"start":{"line":72,"column":4},"end":{"line":72,"column":23}},{"start":{"line":72,"column":27},"end":{"line":72,"column":73}}],"line":72}},"s":{"0":1,"1":13,"2":15,"3":0,"4":1},"f":{"0":13,"1":15,"2":0,"3":1},"b":{"0":[13,4]},"_coverageSchema":"1a1c01bbd47fc00a2c39e90264f33305004495a9","hash":"0d2e30eb490c523eaf09488d1c5b1e07837b1cca"}
,"C:\\Users\\f.aquistapac\\Desktop\\ilegra-to-do\\src\\pages\\Home\\index.tsx": {"path":"C:\\Users\\f.aquistapac\\Desktop\\ilegra-to-do\\src\\pages\\Home\\index.tsx","statementMap":{"0":{"start":{"line":4,"column":17},"end":{"line":27,"column":1}},"1":{"start":{"line":5,"column":18},"end":{"line":5,"column":31}},"2":{"start":{"line":7,"column":24},"end":{"line":7,"column":56}},"3":{"start":{"line":7,"column":42},"end":{"line":7,"column":56}},"4":{"start":{"line":9,"column":1},"end":{"line":26,"column":3}},"5":{"start":{"line":14,"column":19},"end":{"line":14,"column":43}},"6":{"start":{"line":21,"column":19},"end":{"line":21,"column":46}}},"fnMap":{"0":{"name":"(anonymous_0)","decl":{"start":{"line":4,"column":17},"end":{"line":4,"column":18}},"loc":{"start":{"line":4,"column":23},"end":{"line":27,"column":1}},"line":4},"1":{"name":"(anonymous_1)","decl":{"start":{"line":7,"column":24},"end":{"line":7,"column":25}},"loc":{"start":{"line":7,"column":42},"end":{"line":7,"column":56}},"line":7},"2":{"name":"(anonymous_2)","decl":{"start":{"line":14,"column":13},"end":{"line":14,"column":14}},"loc":{"start":{"line":14,"column":19},"end":{"line":14,"column":43}},"line":14},"3":{"name":"(anonymous_3)","decl":{"start":{"line":21,"column":13},"end":{"line":21,"column":14}},"loc":{"start":{"line":21,"column":19},"end":{"line":21,"column":46}},"line":21}},"branchMap":{},"s":{"0":1,"1":3,"2":3,"3":2,"4":3,"5":1,"6":1},"f":{"0":3,"1":2,"2":1,"3":1},"b":{},"_coverageSchema":"1a1c01bbd47fc00a2c39e90264f33305004495a9","hash":"095707e698b8f7d0bb7318ea8523a51b2360af78"}
,"C:\\Users\\f.aquistapac\\Desktop\\ilegra-to-do\\src\\pages\\Login\\index.tsx": {"path":"C:\\Users\\f.aquistapac\\Desktop\\ilegra-to-do\\src\\pages\\Login\\index.tsx","statementMap":{"0":{"start":{"line":6,"column":18},"end":{"line":25,"column":1}},"1":{"start":{"line":7,"column":29},"end":{"line":7,"column":45}},"2":{"start":{"line":8,"column":18},"end":{"line":8,"column":31}},"3":{"start":{"line":10,"column":1},"end":{"line":12,"column":23}},"4":{"start":{"line":11,"column":2},"end":{"line":11,"column":47}},"5":{"start":{"line":11,"column":23},"end":{"line":11,"column":47}},"6":{"start":{"line":14,"column":1},"end":{"line":24,"column":3}}},"fnMap":{"0":{"name":"(anonymous_0)","decl":{"start":{"line":6,"column":18},"end":{"line":6,"column":19}},"loc":{"start":{"line":6,"column":24},"end":{"line":25,"column":1}},"line":6},"1":{"name":"(anonymous_1)","decl":{"start":{"line":10,"column":11},"end":{"line":10,"column":12}},"loc":{"start":{"line":10,"column":17},"end":{"line":12,"column":2}},"line":10}},"branchMap":{"0":{"loc":{"start":{"line":11,"column":2},"end":{"line":11,"column":47}},"type":"if","locations":[{"start":{"line":11,"column":2},"end":{"line":11,"column":47}},{"start":{},"end":{}}],"line":11}},"s":{"0":1,"1":4,"2":4,"3":4,"4":4,"5":1,"6":4},"f":{"0":4,"1":4},"b":{"0":[1,3]},"_coverageSchema":"1a1c01bbd47fc00a2c39e90264f33305004495a9","hash":"6ab3231a1bf73376ac7d0b9ba3ef5600b877a8e1"}
,"C:\\Users\\f.aquistapac\\Desktop\\ilegra-to-do\\src\\pages\\NotFound\\index.tsx": {"path":"C:\\Users\\f.aquistapac\\Desktop\\ilegra-to-do\\src\\pages\\NotFound\\index.tsx","statementMap":{"0":{"start":{"line":2,"column":21},"end":{"line":8,"column":1}},"1":{"start":{"line":3,"column":1},"end":{"line":7,"column":3}}},"fnMap":{"0":{"name":"(anonymous_0)","decl":{"start":{"line":2,"column":21},"end":{"line":2,"column":22}},"loc":{"start":{"line":2,"column":27},"end":{"line":8,"column":1}},"line":2}},"branchMap":{},"s":{"0":1,"1":1},"f":{"0":1},"b":{},"_coverageSchema":"1a1c01bbd47fc00a2c39e90264f33305004495a9","hash":"f287fd48ada196ee097ac6980fc3e3bdfa1d3487"}
,"C:\\Users\\f.aquistapac\\Desktop\\ilegra-to-do\\src\\pages\\Register\\index.tsx": {"path":"C:\\Users\\f.aquistapac\\Desktop\\ilegra-to-do\\src\\pages\\Register\\index.tsx","statementMap":{"0":{"start":{"line":6,"column":21},"end":{"line":25,"column":1}},"1":{"start":{"line":7,"column":29},"end":{"line":7,"column":45}},"2":{"start":{"line":8,"column":18},"end":{"line":8,"column":31}},"3":{"start":{"line":10,"column":1},"end":{"line":12,"column":23}},"4":{"start":{"line":11,"column":2},"end":{"line":11,"column":47}},"5":{"start":{"line":11,"column":23},"end":{"line":11,"column":47}},"6":{"start":{"line":14,"column":1},"end":{"line":24,"column":3}}},"fnMap":{"0":{"name":"(anonymous_0)","decl":{"start":{"line":6,"column":21},"end":{"line":6,"column":22}},"loc":{"start":{"line":6,"column":27},"end":{"line":25,"column":1}},"line":6},"1":{"name":"(anonymous_1)","decl":{"start":{"line":10,"column":11},"end":{"line":10,"column":12}},"loc":{"start":{"line":10,"column":17},"end":{"line":12,"column":2}},"line":10}},"branchMap":{"0":{"loc":{"start":{"line":11,"column":2},"end":{"line":11,"column":47}},"type":"if","locations":[{"start":{"line":11,"column":2},"end":{"line":11,"column":47}},{"start":{},"end":{}}],"line":11}},"s":{"0":1,"1":3,"2":3,"3":3,"4":3,"5":1,"6":3},"f":{"0":3,"1":3},"b":{"0":[1,2]},"_coverageSchema":"1a1c01bbd47fc00a2c39e90264f33305004495a9","hash":"6f990008ea6907f1df6af9be3899dc25c275810e"}
,"C:\\Users\\f.aquistapac\\Desktop\\ilegra-to-do\\src\\pages\\Task\\index.tsx": {"path":"C:\\Users\\f.aquistapac\\Desktop\\ilegra-to-do\\src\\pages\\Task\\index.tsx","statementMap":{"0":{"start":{"line":14,"column":17},"end":{"line":46,"column":1}},"1":{"start":{"line":15,"column":16},"end":{"line":15,"column":27}},"2":{"start":{"line":16,"column":22},"end":{"line":16,"column":36}},"3":{"start":{"line":17,"column":25},"end":{"line":17,"column":52}},"4":{"start":{"line":19,"column":1},"end":{"line":22,"column":20}},"5":{"start":{"line":20,"column":20},"end":{"line":20,"column":59}},"6":{"start":{"line":20,"column":44},"end":{"line":20,"column":58}},"7":{"start":{"line":21,"column":2},"end":{"line":21,"column":36}},"8":{"start":{"line":21,"column":17},"end":{"line":21,"column":36}},"9":{"start":{"line":24,"column":1},"end":{"line":24,"column":53}},"10":{"start":{"line":24,"column":12},"end":{"line":24,"column":53}},"11":{"start":{"line":26,"column":1},"end":{"line":45,"column":3}}},"fnMap":{"0":{"name":"(anonymous_0)","decl":{"start":{"line":14,"column":17},"end":{"line":14,"column":18}},"loc":{"start":{"line":14,"column":23},"end":{"line":46,"column":1}},"line":14},"1":{"name":"(anonymous_1)","decl":{"start":{"line":19,"column":11},"end":{"line":19,"column":12}},"loc":{"start":{"line":19,"column":17},"end":{"line":22,"column":2}},"line":19},"2":{"name":"(anonymous_2)","decl":{"start":{"line":20,"column":34},"end":{"line":20,"column":35}},"loc":{"start":{"line":20,"column":44},"end":{"line":20,"column":58}},"line":20}},"branchMap":{"0":{"loc":{"start":{"line":21,"column":2},"end":{"line":21,"column":36}},"type":"if","locations":[{"start":{"line":21,"column":2},"end":{"line":21,"column":36}},{"start":{},"end":{}}],"line":21},"1":{"loc":{"start":{"line":24,"column":1},"end":{"line":24,"column":53}},"type":"if","locations":[{"start":{"line":24,"column":1},"end":{"line":24,"column":53}},{"start":{},"end":{}}],"line":24}},"s":{"0":2,"1":5,"2":5,"3":5,"4":5,"5":3,"6":2,"7":3,"8":2,"9":5,"10":3,"11":2},"f":{"0":5,"1":3,"2":2},"b":{"0":[2,1],"1":[3,2]},"_coverageSchema":"1a1c01bbd47fc00a2c39e90264f33305004495a9","hash":"bacb45b5fa43a059cb617c09d93b0c57fe9abccf"}
,"C:\\Users\\f.aquistapac\\Desktop\\ilegra-to-do\\src\\pages\\TodoList\\index.tsx": {"path":"C:\\Users\\f.aquistapac\\Desktop\\ilegra-to-do\\src\\pages\\TodoList\\index.tsx","statementMap":{"0":{"start":{"line":13,"column":19},"end":{"line":28,"column":2}},"1":{"start":{"line":17,"column":17},"end":{"line":17,"column":25}},"2":{"start":{"line":32,"column":15},"end":{"line":37,"column":1}},"3":{"start":{"line":39,"column":19},"end":{"line":44,"column":1}},"4":{"start":{"line":46,"column":21},"end":{"line":285,"column":1}},"5":{"start":{"line":47,"column":29},"end":{"line":47,"column":44}},"6":{"start":{"line":48,"column":37},"end":{"line":48,"column":49}},"7":{"start":{"line":49,"column":41},"end":{"line":51,"column":6}},"8":{"start":{"line":52,"column":45},"end":{"line":54,"column":6}},"9":{"start":{"line":55,"column":37},"end":{"line":55,"column":62}},"10":{"start":{"line":56,"column":39},"end":{"line":56,"column":66}},"11":{"start":{"line":57,"column":19},"end":{"line":57,"column":33}},"12":{"start":{"line":63,"column":5},"end":{"line":65,"column":3}},"13":{"start":{"line":67,"column":17},"end":{"line":91,"column":2}},"14":{"start":{"line":68,"column":26},"end":{"line":68,"column":50}},"15":{"start":{"line":70,"column":25},"end":{"line":70,"column":50}},"16":{"start":{"line":72,"column":3},"end":{"line":72,"column":30}},"17":{"start":{"line":74,"column":3},"end":{"line":83,"column":11}},"18":{"start":{"line":75,"column":4},"end":{"line":81,"column":7}},"19":{"start":{"line":82,"column":4},"end":{"line":82,"column":21}},"20":{"start":{"line":86,"column":3},"end":{"line":86,"column":24}},"21":{"start":{"line":87,"column":3},"end":{"line":87,"column":19}},"22":{"start":{"line":89,"column":3},"end":{"line":89,"column":15}},"23":{"start":{"line":93,"column":24},"end":{"line":106,"column":2}},"24":{"start":{"line":94,"column":2},"end":{"line":94,"column":27}},"25":{"start":{"line":95,"column":2},"end":{"line":105,"column":10}},"26":{"start":{"line":96,"column":3},"end":{"line":102,"column":6}},"27":{"start":{"line":103,"column":3},"end":{"line":103,"column":24}},"28":{"start":{"line":104,"column":3},"end":{"line":104,"column":20}},"29":{"start":{"line":108,"column":26},"end":{"line":114,"column":2}},"30":{"start":{"line":109,"column":2},"end":{"line":113,"column":3}},"31":{"start":{"line":110,"column":3},"end":{"line":110,"column":51}},"32":{"start":{"line":112,"column":3},"end":{"line":112,"column":21}},"33":{"start":{"line":116,"column":21},"end":{"line":126,"column":2}},"34":{"start":{"line":117,"column":2},"end":{"line":117,"column":23}},"35":{"start":{"line":118,"column":2},"end":{"line":118,"column":18}},"36":{"start":{"line":119,"column":2},"end":{"line":125,"column":5}},"37":{"start":{"line":128,"column":21},"end":{"line":137,"column":2}},"38":{"start":{"line":129,"column":2},"end":{"line":129,"column":19}},"39":{"start":{"line":130,"column":2},"end":{"line":136,"column":5}},"40":{"start":{"line":139,"column":21},"end":{"line":154,"column":2}},"41":{"start":{"line":140,"column":2},"end":{"line":153,"column":5}},"42":{"start":{"line":142,"column":4},"end":{"line":143,"column":69}},"43":{"start":{"line":145,"column":25},"end":{"line":145,"column":75}},"44":{"start":{"line":146,"column":27},"end":{"line":148,"column":10}},"45":{"start":{"line":150,"column":23},"end":{"line":150,"column":67}},"46":{"start":{"line":152,"column":3},"end":{"line":152,"column":79}},"47":{"start":{"line":156,"column":26},"end":{"line":163,"column":2}},"48":{"start":{"line":158,"column":17},"end":{"line":158,"column":35}},"49":{"start":{"line":159,"column":3},"end":{"line":159,"column":24}},"50":{"start":{"line":165,"column":28},"end":{"line":167,"column":2}},"51":{"start":{"line":166,"column":2},"end":{"line":166,"column":70}},"52":{"start":{"line":169,"column":30},"end":{"line":171,"column":2}},"53":{"start":{"line":170,"column":2},"end":{"line":170,"column":63}},"54":{"start":{"line":173,"column":1},"end":{"line":284,"column":3}},"55":{"start":{"line":269,"column":24},"end":{"line":269,"column":53}}},"fnMap":{"0":{"name":"(anonymous_0)","decl":{"start":{"line":17,"column":11},"end":{"line":17,"column":12}},"loc":{"start":{"line":17,"column":17},"end":{"line":17,"column":25}},"line":17},"1":{"name":"(anonymous_1)","decl":{"start":{"line":46,"column":21},"end":{"line":46,"column":22}},"loc":{"start":{"line":46,"column":27},"end":{"line":285,"column":1}},"line":46},"2":{"name":"(anonymous_2)","decl":{"start":{"line":68,"column":10},"end":{"line":68,"column":11}},"loc":{"start":{"line":68,"column":26},"end":{"line":68,"column":50}},"line":68},"3":{"name":"(anonymous_3)","decl":{"start":{"line":69,"column":7},"end":{"line":69,"column":8}},"loc":{"start":{"line":69,"column":35},"end":{"line":84,"column":3}},"line":69},"4":{"name":"(anonymous_4)","decl":{"start":{"line":74,"column":14},"end":{"line":74,"column":15}},"loc":{"start":{"line":74,"column":20},"end":{"line":83,"column":4}},"line":74},"5":{"name":"(anonymous_5)","decl":{"start":{"line":85,"column":8},"end":{"line":85,"column":9}},"loc":{"start":{"line":85,"column":24},"end":{"line":90,"column":3}},"line":85},"6":{"name":"(anonymous_6)","decl":{"start":{"line":93,"column":24},"end":{"line":93,"column":25}},"loc":{"start":{"line":93,"column":40},"end":{"line":106,"column":2}},"line":93},"7":{"name":"(anonymous_7)","decl":{"start":{"line":95,"column":13},"end":{"line":95,"column":14}},"loc":{"start":{"line":95,"column":19},"end":{"line":105,"column":3}},"line":95},"8":{"name":"(anonymous_8)","decl":{"start":{"line":108,"column":26},"end":{"line":108,"column":27}},"loc":{"start":{"line":108,"column":54},"end":{"line":114,"column":2}},"line":108},"9":{"name":"(anonymous_9)","decl":{"start":{"line":116,"column":21},"end":{"line":116,"column":22}},"loc":{"start":{"line":116,"column":27},"end":{"line":126,"column":2}},"line":116},"10":{"name":"(anonymous_10)","decl":{"start":{"line":128,"column":21},"end":{"line":128,"column":22}},"loc":{"start":{"line":128,"column":27},"end":{"line":137,"column":2}},"line":128},"11":{"name":"(anonymous_11)","decl":{"start":{"line":139,"column":21},"end":{"line":139,"column":22}},"loc":{"start":{"line":139,"column":27},"end":{"line":154,"column":2}},"line":139},"12":{"name":"(anonymous_12)","decl":{"start":{"line":140,"column":35},"end":{"line":140,"column":36}},"loc":{"start":{"line":140,"column":45},"end":{"line":153,"column":3}},"line":140},"13":{"name":"(anonymous_13)","decl":{"start":{"line":157,"column":2},"end":{"line":157,"column":3}},"loc":{"start":{"line":157,"column":50},"end":{"line":160,"column":3}},"line":157},"14":{"name":"(anonymous_14)","decl":{"start":{"line":165,"column":28},"end":{"line":165,"column":29}},"loc":{"start":{"line":165,"column":47},"end":{"line":167,"column":2}},"line":165},"15":{"name":"(anonymous_15)","decl":{"start":{"line":169,"column":30},"end":{"line":169,"column":31}},"loc":{"start":{"line":169,"column":49},"end":{"line":171,"column":2}},"line":169},"16":{"name":"(anonymous_16)","decl":{"start":{"line":269,"column":17},"end":{"line":269,"column":18}},"loc":{"start":{"line":269,"column":24},"end":{"line":269,"column":53}},"line":269}},"branchMap":{"0":{"loc":{"start":{"line":109,"column":2},"end":{"line":113,"column":3}},"type":"if","locations":[{"start":{"line":109,"column":2},"end":{"line":113,"column":3}},{"start":{"line":111,"column":9},"end":{"line":113,"column":3}}],"line":109},"1":{"loc":{"start":{"line":142,"column":4},"end":{"line":143,"column":69}},"type":"binary-expr","locations":[{"start":{"line":142,"column":4},"end":{"line":142,"column":63}},{"start":{"line":143,"column":4},"end":{"line":143,"column":69}}],"line":142},"2":{"loc":{"start":{"line":145,"column":25},"end":{"line":145,"column":75}},"type":"cond-expr","locations":[{"start":{"line":145,"column":40},"end":{"line":145,"column":68}},{"start":{"line":145,"column":71},"end":{"line":145,"column":75}}],"line":145},"3":{"loc":{"start":{"line":146,"column":27},"end":{"line":148,"column":10}},"type":"cond-expr","locations":[{"start":{"line":147,"column":6},"end":{"line":147,"column":38}},{"start":{"line":148,"column":6},"end":{"line":148,"column":10}}],"line":146},"4":{"loc":{"start":{"line":150,"column":23},"end":{"line":150,"column":67}},"type":"cond-expr","locations":[{"start":{"line":150,"column":36},"end":{"line":150,"column":60}},{"start":{"line":150,"column":63},"end":{"line":150,"column":67}}],"line":150},"5":{"loc":{"start":{"line":152,"column":10},"end":{"line":152,"column":78}},"type":"binary-expr","locations":[{"start":{"line":152,"column":10},"end":{"line":152,"column":27}},{"start":{"line":152,"column":31},"end":{"line":152,"column":44}},{"start":{"line":152,"column":48},"end":{"line":152,"column":63}},{"start":{"line":152,"column":67},"end":{"line":152,"column":78}}],"line":152},"6":{"loc":{"start":{"line":191,"column":9},"end":{"line":191,"column":60}},"type":"binary-expr","locations":[{"start":{"line":191,"column":9},"end":{"line":191,"column":21}},{"start":{"line":191,"column":25},"end":{"line":191,"column":60}}],"line":191},"7":{"loc":{"start":{"line":201,"column":9},"end":{"line":203,"column":9}},"type":"binary-expr","locations":[{"start":{"line":201,"column":9},"end":{"line":201,"column":27}},{"start":{"line":202,"column":9},"end":{"line":202,"column":50}}],"line":201},"8":{"loc":{"start":{"line":213,"column":9},"end":{"line":213,"column":58}},"type":"binary-expr","locations":[{"start":{"line":213,"column":9},"end":{"line":213,"column":20}},{"start":{"line":213,"column":24},"end":{"line":213,"column":58}}],"line":213},"9":{"loc":{"start":{"line":222,"column":9},"end":{"line":222,"column":62}},"type":"binary-expr","locations":[{"start":{"line":222,"column":9},"end":{"line":222,"column":22}},{"start":{"line":222,"column":26},"end":{"line":222,"column":62}}],"line":222},"10":{"loc":{"start":{"line":231,"column":9},"end":{"line":233,"column":9}},"type":"binary-expr","locations":[{"start":{"line":231,"column":9},"end":{"line":231,"column":24}},{"start":{"line":232,"column":9},"end":{"line":232,"column":47}}],"line":231},"11":{"loc":{"start":{"line":237,"column":9},"end":{"line":237,"column":63}},"type":"cond-expr","locations":[{"start":{"line":237,"column":23},"end":{"line":237,"column":42}},{"start":{"line":237,"column":45},"end":{"line":237,"column":63}}],"line":237}},"s":{"0":1,"1":1,"2":1,"3":1,"4":1,"5":13,"6":13,"7":13,"8":13,"9":13,"10":13,"11":13,"12":13,"13":13,"14":1,"15":1,"16":1,"17":1,"18":1,"19":1,"20":0,"21":0,"22":0,"23":13,"24":0,"25":0,"26":0,"27":0,"28":0,"29":13,"30":1,"31":0,"32":1,"33":13,"34":2,"35":2,"36":2,"37":13,"38":1,"39":1,"40":13,"41":13,"42":18,"43":18,"44":18,"45":18,"46":18,"47":13,"48":1,"49":1,"50":13,"51":1,"52":13,"53":1,"54":13,"55":0},"f":{"0":1,"1":13,"2":1,"3":1,"4":1,"5":0,"6":0,"7":0,"8":1,"9":2,"10":1,"11":13,"12":18,"13":1,"14":1,"15":1,"16":0},"b":{"0":[0,1],"1":[18,3],"2":[4,14],"3":[2,16],"4":[0,18],"5":[18,15,15,15],"6":[13,0],"7":[13,0],"8":[13,0],"9":[13,0],"10":[13,0],"11":[0,13]},"_coverageSchema":"1a1c01bbd47fc00a2c39e90264f33305004495a9","hash":"3b22322ea8812c337fdb3008bfeff01ced0af01a"}
}
