TN:
SF:src\components\BulletFilters\Bullets.tsx
FN:12,(anonymous_0)
FN:15,(anonymous_1)
FN:19,(anonymous_2)
FNF:3
FNH:3
FNDA:26,(anonymous_0)
FNDA:104,(anonymous_1)
FNDA:2,(anonymous_2)
DA:12,1
DA:13,26
DA:16,104
DA:19,2
LF:4
LH:4
BRDA:18,0,0,104
BRDA:18,0,1,26
BRF:2
BRH:2
end_of_record
TN:
SF:src\components\BulletFilters\Root.tsx
FN:6,(anonymous_0)
FNF:1
FNH:1
FNDA:13,(anonymous_0)
DA:6,1
DA:7,13
LF:2
LH:2
BRF:0
BRH:0
end_of_record
TN:
SF:src\components\BulletFilters\Title.tsx
FN:5,(anonymous_0)
FNF:1
FNH:1
FNDA:26,(anonymous_0)
DA:5,1
DA:6,26
LF:2
LH:2
BRF:0
BRH:0
end_of_record
TN:
SF:src\components\BulletFilters\index.tsx
FNF:0
FNH:0
DA:5,1
LF:1
LH:1
BRF:0
BRH:0
end_of_record
TN:
SF:src\components\FormLogin\index.tsx
FN:18,(anonymous_0)
FN:31,(anonymous_1)
FNF:2
FNH:2
FNDA:5,(anonymous_0)
FNDA:1,(anonymous_1)
DA:11,1
DA:18,1
DA:19,5
DA:24,5
DA:28,5
DA:29,5
DA:31,5
DA:32,1
DA:33,1
DA:34,0
DA:36,1
DA:40,5
LF:12
LH:11
BRDA:33,0,0,0
BRDA:33,0,1,1
BRDA:53,1,0,5
BRDA:53,1,1,0
BRDA:63,2,0,5
BRDA:63,2,1,0
BRDA:68,3,0,5
BRDA:68,3,1,0
BRF:8
BRH:4
end_of_record
TN:
SF:src\components\FormRegister\index.tsx
FN:15,(anonymous_0)
FN:19,(anonymous_1)
FN:30,(anonymous_2)
FN:41,(anonymous_3)
FNF:4
FNH:4
FNDA:1,(anonymous_0)
FNDA:2,(anonymous_1)
FNDA:5,(anonymous_2)
FNDA:1,(anonymous_3)
DA:10,1
DA:16,1
DA:20,2
DA:30,1
DA:35,5
DA:38,5
DA:39,5
DA:41,5
DA:44,1
DA:47,5
LF:10
LH:10
BRDA:60,0,0,5
BRDA:60,0,1,1
BRDA:69,1,0,5
BRDA:69,1,1,1
BRDA:78,2,0,5
BRDA:78,2,1,1
BRF:6
BRH:6
end_of_record
TN:
SF:src\components\TableTasks\index.tsx
FN:23,(anonymous_0)
FN:38,(anonymous_1)
FN:48,(anonymous_2)
FN:54,(anonymous_3)
FNF:4
FNH:3
FNDA:13,(anonymous_0)
FNDA:15,(anonymous_1)
FNDA:0,(anonymous_2)
FNDA:1,(anonymous_3)
DA:23,1
DA:24,13
DA:39,15
DA:48,0
DA:54,1
LF:5
LH:4
BRDA:72,0,0,13
BRDA:72,0,1,4
BRF:2
BRH:2
end_of_record
TN:
SF:src\pages\Home\index.tsx
FN:4,(anonymous_0)
FN:7,(anonymous_1)
FN:14,(anonymous_2)
FN:21,(anonymous_3)
FNF:4
FNH:4
FNDA:3,(anonymous_0)
FNDA:2,(anonymous_1)
FNDA:1,(anonymous_2)
FNDA:1,(anonymous_3)
DA:4,1
DA:5,3
DA:7,3
DA:9,3
DA:14,1
DA:21,1
LF:6
LH:6
BRF:0
BRH:0
end_of_record
TN:
SF:src\pages\Login\index.tsx
FN:6,(anonymous_0)
FN:10,(anonymous_1)
FNF:2
FNH:2
FNDA:4,(anonymous_0)
FNDA:4,(anonymous_1)
DA:6,1
DA:7,4
DA:8,4
DA:10,4
DA:11,4
DA:14,4
LF:6
LH:6
BRDA:11,0,0,1
BRDA:11,0,1,3
BRF:2
BRH:2
end_of_record
TN:
SF:src\pages\NotFound\index.tsx
FN:2,(anonymous_0)
FNF:1
FNH:1
FNDA:1,(anonymous_0)
DA:2,1
DA:3,1
LF:2
LH:2
BRF:0
BRH:0
end_of_record
TN:
SF:src\pages\Register\index.tsx
FN:6,(anonymous_0)
FN:10,(anonymous_1)
FNF:2
FNH:2
FNDA:3,(anonymous_0)
FNDA:3,(anonymous_1)
DA:6,1
DA:7,3
DA:8,3
DA:10,3
DA:11,3
DA:14,3
LF:6
LH:6
BRDA:11,0,0,1
BRDA:11,0,1,2
BRF:2
BRH:2
end_of_record
TN:
SF:src\pages\Task\index.tsx
FN:14,(anonymous_0)
FN:19,(anonymous_1)
FN:20,(anonymous_2)
FNF:3
FNH:3
FNDA:5,(anonymous_0)
FNDA:3,(anonymous_1)
FNDA:2,(anonymous_2)
DA:14,2
DA:15,5
DA:16,5
DA:17,5
DA:19,5
DA:20,3
DA:21,3
DA:24,5
DA:26,2
LF:9
LH:9
BRDA:21,0,0,2
BRDA:21,0,1,1
BRDA:24,1,0,3
BRDA:24,1,1,2
BRF:4
BRH:4
end_of_record
TN:
SF:src\pages\TodoList\index.tsx
FN:17,(anonymous_0)
FN:46,(anonymous_1)
FN:68,(anonymous_2)
FN:69,(anonymous_3)
FN:74,(anonymous_4)
FN:85,(anonymous_5)
FN:93,(anonymous_6)
FN:95,(anonymous_7)
FN:108,(anonymous_8)
FN:116,(anonymous_9)
FN:128,(anonymous_10)
FN:139,(anonymous_11)
FN:140,(anonymous_12)
FN:157,(anonymous_13)
FN:165,(anonymous_14)
FN:169,(anonymous_15)
FN:269,(anonymous_16)
FNF:17
FNH:13
FNDA:1,(anonymous_0)
FNDA:13,(anonymous_1)
FNDA:1,(anonymous_2)
FNDA:1,(anonymous_3)
FNDA:1,(anonymous_4)
FNDA:0,(anonymous_5)
FNDA:0,(anonymous_6)
FNDA:0,(anonymous_7)
FNDA:1,(anonymous_8)
FNDA:2,(anonymous_9)
FNDA:1,(anonymous_10)
FNDA:13,(anonymous_11)
FNDA:18,(anonymous_12)
FNDA:1,(anonymous_13)
FNDA:1,(anonymous_14)
FNDA:1,(anonymous_15)
FNDA:0,(anonymous_16)
DA:13,1
DA:17,1
DA:32,1
DA:39,1
DA:46,1
DA:47,13
DA:48,13
DA:49,13
DA:52,13
DA:55,13
DA:56,13
DA:57,13
DA:63,13
DA:67,13
DA:68,1
DA:70,1
DA:72,1
DA:74,1
DA:75,1
DA:82,1
DA:86,0
DA:87,0
DA:89,0
DA:93,13
DA:94,0
DA:95,0
DA:96,0
DA:103,0
DA:104,0
DA:108,13
DA:109,1
DA:110,0
DA:112,1
DA:116,13
DA:117,2
DA:118,2
DA:119,2
DA:128,13
DA:129,1
DA:130,1
DA:139,13
DA:140,13
DA:142,18
DA:145,18
DA:146,18
DA:150,18
DA:152,18
DA:156,13
DA:158,1
DA:159,1
DA:165,13
DA:166,1
DA:169,13
DA:170,1
DA:173,13
DA:269,0
LF:56
LH:46
BRDA:109,0,0,0
BRDA:109,0,1,1
BRDA:142,1,0,18
BRDA:142,1,1,3
BRDA:145,2,0,4
BRDA:145,2,1,14
BRDA:146,3,0,2
BRDA:146,3,1,16
BRDA:150,4,0,0
BRDA:150,4,1,18
BRDA:152,5,0,18
BRDA:152,5,1,15
BRDA:152,5,2,15
BRDA:152,5,3,15
BRDA:191,6,0,13
BRDA:191,6,1,0
BRDA:201,7,0,13
BRDA:201,7,1,0
BRDA:213,8,0,13
BRDA:213,8,1,0
BRDA:222,9,0,13
BRDA:222,9,1,0
BRDA:231,10,0,13
BRDA:231,10,1,0
BRDA:237,11,0,0
BRDA:237,11,1,13
BRF:26
BRH:18
end_of_record
